2019-06-27 14:14:21,914 - INFO - 

-----------------------------------------------------------------------------------------------------------------------
2019-06-27 14:14:21,935 - INFO - str_id:100000000000055,strategy:Context mapping:{'benchmark': '000001.SH', 'maxPosPct': 1, 'sglPosPct': 0.01, 'tstCap': 30000000, 'sglMaxPosPct': 0.1238, 'handlers': {}, 'hqDB': <quant_backend.rocket.data_collection.data_collection.DataCollection object at 0x0000021D6A29E5C0>, 'now': datetime.datetime(2019, 6, 27, 14, 14, 21, 425710), 'user_id': 2000000000000000, 'strategy_id': 100000000000055, 'start_time': '2018-01-11 13:43:05', 'end_time': '2019-06-10 00:00:00', 'create_time': '2019-01-11 13:43:06', 'strategy_name': '组2', 'strategy_type': 17305, 'back_new_flag': 0, 'simulation_new_flag': 0, 'group_id': 52, 'group_inside_id': 2, 'simulation_flag': 1, 'back_success_flag': 10605, 'simulation_success_flag': 10607, 'list': [{'targetScene': 10307, 'targetParamVal': 'stkPkRng.indexStock(==000001.SH)'}, {'targetScene': 10302, 'targetParamVal': 'periodEval.period(==3))'}, {'targetScene': 10305, 'targetParamVal': 'lossIndex(<=-0.01)'}], 'firm_new_flag': 0, 'firm_success_flag': 10708, 'firm_flag': 0, 'save_cash_flow_flag': 0, 'simulation_time': '2019-06-27', 'simulation_message': '实盘中', 'strategy_message': '实盘模拟', 'save_or_simulation': 1, 'bkstResponMessage': '实盘中', 'bkstResponCode': 10607, 'trade_type': 'simulation', 'randomSort': '1', 'maxPositionStockNum': '50', 'intervalDays': 3, 'order': <quant_backend.rocket.strategy.order.Order object at 0x0000021D6A5757B8>, 'stampDuty': 0.0002, 'TransferFee': 0.0002, 'hq':                  code        date   befor_day  niubear     ups       open  \
date                                                                        
2019-06-26  000001.SH  2019-06-26  2019-06-25        0 -0.0019  2964.6153   

                close  weight  stop  
date                                 
2019-06-26  2976.2837       1     0  }
2019-06-27 14:14:21,983 - INFO - str_id:100000000000055,该策略已有合约，直接初始化
2019-06-27 14:14:22,168 - INFO - str_id:100000000000055,总资产：:29232838.13
2019-06-27 14:14:22,800 - INFO - str_id:100000000000055,update percent:0.458789
2019-06-27 14:14:22,801 - INFO - str_id:100000000000055,update percent:0.458789
2019-06-27 14:14:22,801 - INFO - str_id:100000000000055,update percent:0.458789
2019-06-27 14:14:23,320 - INFO - str_id:100000000000055,update percent:0.458789
2019-06-27 14:14:23,497 - INFO - str_id:100000000000055,现金:15821138.13
2019-06-27 14:14:23,497 - INFO - str_id:100000000000055,update percent:0.458789
2019-06-27 14:14:23,509 - INFO - str_id:100000000000055,hq:                 code        date   befor_day  niubear     ups       open  \
date                                                                        
2019-06-26  000001.SH  2019-06-26  2019-06-25        0 -0.0019  2964.6153   

                close  weight  stop  
date                                 
2019-06-26  2976.2837       1     0  
2019-06-27 14:14:23,509 - INFO - str_id:100000000000055, 保存的因子信息：{'user_id': 2000000000000000, 'strategy_id': 100000000000055, 'start_time': '2018-01-11 13:43:05', 'end_time': '2019-06-10 00:00:00', 'create_time': '2019-01-11 13:43:06', 'strategy_name': '组2', 'strategy_type': 17305, 'back_new_flag': 0, 'simulation_new_flag': 0, 'group_id': 52, 'group_inside_id': 2, 'simulation_flag': 1, 'back_success_flag': 10605, 'simulation_success_flag': 10607, 'list': [{'targetParamId': '040101', 'targetParamVal': 'periodEval.period(3)', 'targetScene': '10302', 'unit': '天'}, {'targetParamId': '030301', 'targetParamVal': 'sglPosPct(1.0)', 'targetScene': '10304', 'unit': '%'}, {'targetParamId': '030302', 'targetParamVal': 'sglMaxPosPct(12.38)', 'targetScene': '10304', 'unit': '%'}, {'targetParamId': '01010102', 'targetParamVal': 'stkPkRng.indexStock(000001.SH)', 'targetScene': '10307'}, {'targetParamId': '040303', 'targetParamVal': 'profitEval.lossIndex(1.00)', 'targetScene': '10303', 'unit': '%'}, {'targetParamId': '03060106', 'targetParamVal': 'randomSort(1)', 'targetScene': '10306', 'unit': ''}, {'targetParamId': '030501', 'targetParamVal': 'maxPositionStockNum(50)', 'targetScene': '10304', 'unit': '个'}], 'firm_new_flag': 0, 'firm_success_flag': 10708, 'firm_flag': 0, 'save_cash_flow_flag': 0, 'simulation_time': '2019-06-27', 'simulation_message': '实盘中', 'strategy_message': '实盘模拟', 'save_or_simulation': 1, 'bkstResponMessage': '实盘中', 'bkstResponCode': 10607, 'trade_type': 'simulation', 'contract_id': 50302005, 'contract_source_id': 100000000000055499}
2019-06-27 14:14:23,689 - INFO - str_id:{}, run before
2019-06-27 14:14:23,712 - INFO - str_id:100000000000055, 运行前的持仓：      inst  name  current_price  cost_price  quantity  quantity_sell  \
0   600076  康欣新材       4.580000    4.530000     64600          64600   
1   600091  ST明科       3.860000    3.840000     76400          76400   
2   600128  弘业股份       7.960000    8.220000     35600          35600   
3   600136  当代明诚      11.010000   11.150000     26000          26000   
4   600141  兴发集团      10.350000   10.520000     28000          28000   
5   600155  华创阳安      14.770000   15.320000     19000          19000   
6   600177   雅戈尔       6.340000    6.380000     45800          45800   
7   600182   S佳通      17.209999   17.650000     16300          16300   
8   600206  有研新材      11.740000   12.520000     23400          23400   
9   600262  北方股份      20.690001   20.170000     14500          14500   
10  600283  钱江水利      11.280000   11.530000     25400          25400   
11  600295  鄂尔多斯       8.500000    8.530000     34300          34300   
12  600340  华夏幸福      32.700001   31.020000      9500           9500   
13  600383  金地集团      11.910000   12.160000     24000          24000   
14  600395  盘江股份       5.990000    5.960000     49100          49100   
15  600400  红豆股份       3.710000    3.800000     77000          77000   
16  600486  扬农化工      54.500000   53.910000      5400           5400   
17  600499  科达洁能       4.450000    4.510000     65000          65000   
18  600527  江南高纤       2.240000    2.280000    129000         129000   
19  600533  栖霞建设       3.660000    3.730000     78300          78300   
20  600558   大西洋       3.580000    3.670000     79700          79700   
21  600578  京能电力       3.240000    3.260000     89800          89800   
22  600635  大众公用       6.830000    7.100000     41400          41400   
23  600702  舍得酒业      27.100000   26.020000     11200          11200   
24  600746  江苏索普       7.060000    6.390000     46100          46100   
25  600756  浪潮软件      24.410000   26.010000     11500          11500   
26  600809  山西汾酒      68.010002   61.880001      4700           4700   
27  600812  华北制药       4.440000    4.550000     64300          64300   
28  600821   津劝业       4.200000    4.200000     69500          69500   
29  600850  华东电脑      21.969999   22.709999     13200          13200   
30  600883  博闻科技       7.010000    6.980000     42000          42000   
31  600894  广日股份       7.800000    7.710000     37900          37900   
32  601003  柳钢股份       5.890000    5.990000     50200          50200   
33  601688  华泰证券      22.230000   22.940001     12500          12500   
34  601801  皖新传媒       6.060000    6.250000     47000          47000   
35  601899  紫金矿业       3.750000    3.820000     78500          78500   
36  603008   喜临门      10.940000   10.930000     26700          26700   
37  603030  全筑股份       6.380000    6.450000     45100          45100   
38  603337  杰克股份      20.250000   20.930000     14000          14000   
39  603369   今世缘      27.799999   27.010000     10900          10900   
40  603527  众源新材      11.270000   11.510000     25500          25500   
41  603557  起步股份       8.640000    8.410000     34600          34600   
42  603858  步长制药      25.900000   26.250000     11100          11100   
43  603882  金域医学      34.250000   31.830000      9100           9100   
44  603888   新华网      20.360001   20.950001     13900          13900   
45  603958  哈森股份       8.170000    8.290000     35300          35300   

    profit_count  profit  market_value    cost_value  status   percent  \
0    3150.989990  0.0108      295868.0  292717.00000   10101  0.010121   
1    1448.790039  0.0049      294904.0  293455.21875   10101  0.010088   
2   -9335.009766 -0.0319      283376.0  292711.00000   10101  0.009694   
3   -3718.280029 -0.0128      286260.0  289978.28125   10101  0.009792   
4   -4839.529785 -0.0164      289800.0  294639.53125   10101  0.009914   
5  -10528.589844 -0.0362      280630.0  291158.59375   10101  0.009600   
6   -1910.890015 -0.0065      290372.0  292282.87500   10101  0.009933   
7   -7249.669922 -0.0252      280523.0  287772.65625   10101  0.009596   
8  -18331.099609 -0.0626      274716.0  293047.09375   10101  0.009398   
9    7606.069824  0.0260      300005.0  292398.93750   10101  0.010263   
10  -6429.080078 -0.0219      286512.0  292941.09375   10101  0.009801   
11  -1107.989990 -0.0038      291550.0  292658.00000   10101  0.009973   
12  15975.459961  0.0542      310650.0  294674.53125   10101  0.010627   
13  -6078.799805 -0.0208      285840.0  291918.81250   10101  0.009778   
14   1393.989990  0.0048      294109.0  292715.00000   10101  0.010061   
15  -7009.000000 -0.0239      285670.0  292679.00000   10101  0.009772   
16   3161.409912  0.0109      294300.0  291138.59375   10101  0.010067   
17  -3979.149902 -0.0136      289250.0  293229.15625   10101  0.009895   
18  -5239.410156 -0.0178      288960.0  294199.40625   10101  0.009885   
19  -5559.850098 -0.0190      286578.0  292137.84375   10101  0.009803   
20  -7251.970215 -0.0248      285326.0  292577.96875   10101  0.009760   
21  -1875.040039 -0.0064      290952.0  292827.03125   10101  0.009953   
22 -11257.370117 -0.0383      282762.0  294019.37500   10101  0.009673   
23  12129.339844  0.0416      303520.0  291390.65625   10101  0.010383   
24  30807.470703  0.1046      325466.0  294658.53125   10101  0.011134   
25 -18365.730469 -0.0614      280715.0  299080.71875   10101  0.009603   
26  28826.500000  0.0991      319647.0  290820.50000   10101  0.010935   
27  -7151.990234 -0.0244      285492.0  292644.00000   10101  0.009766   
28    -78.820000 -0.0003      291900.0  291978.81250   10101  0.009985   
29  -9716.900391 -0.0324      290004.0  299720.90625   10101  0.009920   
30   1180.849976  0.0040      294420.0  293239.15625   10101  0.010072   
31   3332.110107  0.0114      295620.0  292287.87500   10101  0.010113   
32  -5101.180176 -0.0170      295678.0  300779.18750   10101  0.010115   
33  -8827.389648 -0.0308      277875.0  286702.37500   10101  0.009506   
34  -9009.320312 -0.0307      284820.0  293829.31250   10101  0.009743   
35  -5575.970215 -0.0186      294375.0  299950.96875   10101  0.010070   
36    188.199997  0.0006      292098.0  291909.81250   10101  0.009992   
37  -3235.540039 -0.0111      287738.0  290973.53125   10101  0.009843   
38  -9459.080078 -0.0323      283500.0  292959.09375   10101  0.009698   
39   8640.530273  0.0294      303020.0  294379.46875   10101  0.010366   
40  -6199.250000 -0.0211      287385.0  293584.25000   10101  0.009831   
41   7879.430176  0.0271      298944.0  291064.56250   10101  0.010226   
42  -3852.649902 -0.0132      287490.0  291342.65625   10101  0.009834   
43  22034.820312  0.0761      311675.0  289640.18750   10101  0.010662   
44  -8140.589844 -0.0280      283004.0  291144.59375   10101  0.009681   
45  -4315.009766 -0.0147      288401.0  292716.00000   10101  0.009866   

    hold_days  
0         2.0  
1         2.0  
2         2.0  
3         2.0  
4         2.0  
5         2.0  
6         2.0  
7         2.0  
8         2.0  
9         2.0  
10        2.0  
11        2.0  
12        2.0  
13        2.0  
14        2.0  
15        2.0  
16        2.0  
17        2.0  
18        2.0  
19        2.0  
20        2.0  
21        2.0  
22        2.0  
23        2.0  
24        2.0  
25        2.0  
26        2.0  
27        2.0  
28        2.0  
29        2.0  
30        2.0  
31        2.0  
32        2.0  
33        2.0  
34        2.0  
35        2.0  
36        2.0  
37        2.0  
38        2.0  
39        2.0  
40        2.0  
41        2.0  
42        2.0  
43        2.0  
44        2.0  
45        2.0  
2019-06-27 14:14:23,719 - INFO - str_id:100000000000055, 运行前的总资产：29232838.13
2019-06-27 14:14:23,719 - INFO - str_id:100000000000055, 运行前的当日可用现金：15821138.13
2019-06-27 14:14:23,720 - INFO - str_id:100000000000055, 运行前的现金：15821138.13
2019-06-27 14:14:23,720 - INFO - str_id:100000000000055, bar:字典流里的数据：{'date': '2019-06-26', 'befor_day': '2019-06-25', 'befores': [], 'afters': [], 'stop': 0, 'weight': 1, 'niubear': 0}
2019-06-27 14:14:23,720 - INFO - str_id:100000000000055, 
sell one--------------------------------------------------------------------------------.
2019-06-27 14:14:23,721 - INFO - str_id:100000000000055, 没有达到离场条件:没有离场条件或者 没有达到离场条件
2019-06-27 14:14:23,721 - INFO - str_id:100000000000055, -----------------------------------------------------------------------------------------------------

2019-06-27 14:14:23,722 - INFO - str_id:100000000000055, 没有达到离场条件:没有离场条件或者 没有达到离场条件
2019-06-27 14:14:23,722 - INFO - str_id:100000000000055, -----------------------------------------------------------------------------------------------------

2019-06-27 14:14:23,722 - INFO - str_id:100000000000055, 没有达到离场条件:没有离场条件或者 没有达到离场条件
2019-06-27 14:14:23,722 - INFO - str_id:100000000000055, -----------------------------------------------------------------------------------------------------

2019-06-27 14:14:23,723 - INFO - str_id:100000000000055, 没有达到离场条件:没有离场条件或者 没有达到离场条件
2019-06-27 14:14:23,723 - INFO - str_id:100000000000055, -----------------------------------------------------------------------------------------------------

2019-06-27 14:14:23,723 - INFO - str_id:100000000000055, 没有达到离场条件:没有离场条件或者 没有达到离场条件
2019-06-27 14:14:23,724 - INFO - str_id:100000000000055, -----------------------------------------------------------------------------------------------------

2019-06-27 14:14:23,724 - INFO - str_id:100000000000055, 没有达到离场条件:没有离场条件或者 没有达到离场条件
2019-06-27 14:14:23,724 - INFO - str_id:100000000000055, -----------------------------------------------------------------------------------------------------

2019-06-27 14:14:23,725 - INFO - str_id:100000000000055, 没有达到离场条件:没有离场条件或者 没有达到离场条件
2019-06-27 14:14:23,725 - INFO - str_id:100000000000055, -----------------------------------------------------------------------------------------------------

2019-06-27 14:14:23,725 - INFO - str_id:100000000000055, 没有达到离场条件:没有离场条件或者 没有达到离场条件
2019-06-27 14:14:23,725 - INFO - str_id:100000000000055, -----------------------------------------------------------------------------------------------------

2019-06-27 14:14:23,726 - INFO - str_id:100000000000055, 没有达到离场条件:没有离场条件或者 没有达到离场条件
2019-06-27 14:14:23,726 - INFO - str_id:100000000000055, -----------------------------------------------------------------------------------------------------

2019-06-27 14:14:23,726 - INFO - str_id:100000000000055, 没有达到离场条件:没有离场条件或者 没有达到离场条件
2019-06-27 14:14:23,727 - INFO - str_id:100000000000055, -----------------------------------------------------------------------------------------------------

2019-06-27 14:14:23,727 - INFO - str_id:100000000000055, 没有达到离场条件:没有离场条件或者 没有达到离场条件
2019-06-27 14:14:23,727 - INFO - str_id:100000000000055, -----------------------------------------------------------------------------------------------------

2019-06-27 14:14:23,727 - INFO - str_id:100000000000055, 没有达到离场条件:没有离场条件或者 没有达到离场条件
2019-06-27 14:14:23,728 - INFO - str_id:100000000000055, -----------------------------------------------------------------------------------------------------

2019-06-27 14:14:23,728 - INFO - str_id:100000000000055, 没有达到离场条件:没有离场条件或者 没有达到离场条件
2019-06-27 14:14:23,728 - INFO - str_id:100000000000055, -----------------------------------------------------------------------------------------------------

2019-06-27 14:14:23,729 - INFO - str_id:100000000000055, 没有达到离场条件:没有离场条件或者 没有达到离场条件
2019-06-27 14:14:23,729 - INFO - str_id:100000000000055, -----------------------------------------------------------------------------------------------------

2019-06-27 14:14:23,729 - INFO - str_id:100000000000055, 没有达到离场条件:没有离场条件或者 没有达到离场条件
2019-06-27 14:14:23,729 - INFO - str_id:100000000000055, -----------------------------------------------------------------------------------------------------

2019-06-27 14:14:23,730 - INFO - str_id:100000000000055, 没有达到离场条件:没有离场条件或者 没有达到离场条件
2019-06-27 14:14:23,730 - INFO - str_id:100000000000055, -----------------------------------------------------------------------------------------------------

2019-06-27 14:14:23,730 - INFO - str_id:100000000000055, 没有达到离场条件:没有离场条件或者 没有达到离场条件
2019-06-27 14:14:23,730 - INFO - str_id:100000000000055, -----------------------------------------------------------------------------------------------------

2019-06-27 14:14:23,731 - INFO - str_id:100000000000055, 没有达到离场条件:没有离场条件或者 没有达到离场条件
2019-06-27 14:14:23,731 - INFO - str_id:100000000000055, -----------------------------------------------------------------------------------------------------

2019-06-27 14:14:23,731 - INFO - str_id:100000000000055, 没有达到离场条件:没有离场条件或者 没有达到离场条件
2019-06-27 14:14:23,731 - INFO - str_id:100000000000055, -----------------------------------------------------------------------------------------------------

2019-06-27 14:14:23,732 - INFO - str_id:100000000000055, 没有达到离场条件:没有离场条件或者 没有达到离场条件
2019-06-27 14:14:23,732 - INFO - str_id:100000000000055, -----------------------------------------------------------------------------------------------------

2019-06-27 14:14:23,732 - INFO - str_id:100000000000055, 没有达到离场条件:没有离场条件或者 没有达到离场条件
2019-06-27 14:14:23,733 - INFO - str_id:100000000000055, -----------------------------------------------------------------------------------------------------

2019-06-27 14:14:23,733 - INFO - str_id:100000000000055, 没有达到离场条件:没有离场条件或者 没有达到离场条件
2019-06-27 14:14:23,733 - INFO - str_id:100000000000055, -----------------------------------------------------------------------------------------------------

2019-06-27 14:14:23,733 - INFO - str_id:100000000000055, 没有达到离场条件:没有离场条件或者 没有达到离场条件
2019-06-27 14:14:23,734 - INFO - str_id:100000000000055, -----------------------------------------------------------------------------------------------------

2019-06-27 14:14:23,734 - INFO - str_id:100000000000055, 没有达到离场条件:没有离场条件或者 没有达到离场条件
2019-06-27 14:14:23,734 - INFO - str_id:100000000000055, -----------------------------------------------------------------------------------------------------

2019-06-27 14:14:23,735 - INFO - str_id:100000000000055, 没有达到离场条件:没有离场条件或者 没有达到离场条件
2019-06-27 14:14:23,735 - INFO - str_id:100000000000055, -----------------------------------------------------------------------------------------------------

2019-06-27 14:14:23,735 - INFO - str_id:100000000000055, 没有达到离场条件:没有离场条件或者 没有达到离场条件
2019-06-27 14:14:23,735 - INFO - str_id:100000000000055, -----------------------------------------------------------------------------------------------------

2019-06-27 14:14:23,736 - INFO - str_id:100000000000055, 没有达到离场条件:没有离场条件或者 没有达到离场条件
2019-06-27 14:14:23,736 - INFO - str_id:100000000000055, -----------------------------------------------------------------------------------------------------

2019-06-27 14:14:23,737 - INFO - str_id:100000000000055, 没有达到离场条件:没有离场条件或者 没有达到离场条件
2019-06-27 14:14:23,737 - INFO - str_id:100000000000055, -----------------------------------------------------------------------------------------------------

2019-06-27 14:14:23,737 - INFO - str_id:100000000000055, 没有达到离场条件:没有离场条件或者 没有达到离场条件
2019-06-27 14:14:23,737 - INFO - str_id:100000000000055, -----------------------------------------------------------------------------------------------------

2019-06-27 14:14:23,738 - INFO - str_id:100000000000055, 没有达到离场条件:没有离场条件或者 没有达到离场条件
2019-06-27 14:14:23,738 - INFO - str_id:100000000000055, -----------------------------------------------------------------------------------------------------

2019-06-27 14:14:23,738 - INFO - str_id:100000000000055, 没有达到离场条件:没有离场条件或者 没有达到离场条件
2019-06-27 14:14:23,739 - INFO - str_id:100000000000055, -----------------------------------------------------------------------------------------------------

2019-06-27 14:14:23,739 - INFO - str_id:100000000000055, 没有达到离场条件:没有离场条件或者 没有达到离场条件
2019-06-27 14:14:23,739 - INFO - str_id:100000000000055, -----------------------------------------------------------------------------------------------------

2019-06-27 14:14:23,739 - INFO - str_id:100000000000055, 没有达到离场条件:没有离场条件或者 没有达到离场条件
2019-06-27 14:14:23,740 - INFO - str_id:100000000000055, -----------------------------------------------------------------------------------------------------

2019-06-27 14:14:23,740 - INFO - str_id:100000000000055, 没有达到离场条件:没有离场条件或者 没有达到离场条件
2019-06-27 14:14:23,740 - INFO - str_id:100000000000055, -----------------------------------------------------------------------------------------------------

2019-06-27 14:14:23,741 - INFO - str_id:100000000000055, 没有达到离场条件:没有离场条件或者 没有达到离场条件
2019-06-27 14:14:23,741 - INFO - str_id:100000000000055, -----------------------------------------------------------------------------------------------------

2019-06-27 14:14:23,741 - INFO - str_id:100000000000055, 没有达到离场条件:没有离场条件或者 没有达到离场条件
2019-06-27 14:14:23,741 - INFO - str_id:100000000000055, -----------------------------------------------------------------------------------------------------

2019-06-27 14:14:23,742 - INFO - str_id:100000000000055, 没有达到离场条件:没有离场条件或者 没有达到离场条件
2019-06-27 14:14:23,742 - INFO - str_id:100000000000055, -----------------------------------------------------------------------------------------------------

2019-06-27 14:14:23,742 - INFO - str_id:100000000000055, 没有达到离场条件:没有离场条件或者 没有达到离场条件
2019-06-27 14:14:23,742 - INFO - str_id:100000000000055, -----------------------------------------------------------------------------------------------------

2019-06-27 14:14:23,743 - INFO - str_id:100000000000055, 没有达到离场条件:没有离场条件或者 没有达到离场条件
2019-06-27 14:14:23,743 - INFO - str_id:100000000000055, -----------------------------------------------------------------------------------------------------

2019-06-27 14:14:23,743 - INFO - str_id:100000000000055, 没有达到离场条件:没有离场条件或者 没有达到离场条件
2019-06-27 14:14:23,743 - INFO - str_id:100000000000055, -----------------------------------------------------------------------------------------------------

2019-06-27 14:14:23,744 - INFO - str_id:100000000000055, 没有达到离场条件:没有离场条件或者 没有达到离场条件
2019-06-27 14:14:23,744 - INFO - str_id:100000000000055, -----------------------------------------------------------------------------------------------------

2019-06-27 14:14:23,744 - INFO - str_id:100000000000055, 没有达到离场条件:没有离场条件或者 没有达到离场条件
2019-06-27 14:14:23,745 - INFO - str_id:100000000000055, -----------------------------------------------------------------------------------------------------

2019-06-27 14:14:23,745 - INFO - str_id:100000000000055, 没有达到离场条件:没有离场条件或者 没有达到离场条件
2019-06-27 14:14:23,745 - INFO - str_id:100000000000055, -----------------------------------------------------------------------------------------------------

2019-06-27 14:14:23,746 - INFO - str_id:100000000000055, 没有达到离场条件:没有离场条件或者 没有达到离场条件
2019-06-27 14:14:23,746 - INFO - str_id:100000000000055, -----------------------------------------------------------------------------------------------------

2019-06-27 14:14:23,746 - INFO - str_id:100000000000055, 没有达到离场条件:没有离场条件或者 没有达到离场条件
2019-06-27 14:14:23,746 - INFO - str_id:100000000000055, -----------------------------------------------------------------------------------------------------

2019-06-27 14:14:23,747 - INFO - str_id:100000000000055, 没有达到离场条件:没有离场条件或者 没有达到离场条件
2019-06-27 14:14:23,747 - INFO - str_id:100000000000055, -----------------------------------------------------------------------------------------------------

2019-06-27 14:14:23,747 - INFO - str_id:100000000000055, end sell one--------------------------------------------------------------------------------.


2019-06-27 14:14:23,747 - INFO - str_id:{}, step--------------------------------------------------------------------------------------------
2019-06-27 14:14:23,748 - INFO - str_id:100000000000055, 没有达到条件则跳过，,message:没有分步建仓条件

2019-06-27 14:14:23,748 - INFO - str_id:100000000000055, 没有达到条件则跳过，,message:没有分步建仓条件

2019-06-27 14:14:23,749 - INFO - str_id:100000000000055, 没有达到条件则跳过，,message:没有分步建仓条件

2019-06-27 14:14:23,749 - INFO - str_id:100000000000055, 没有达到条件则跳过，,message:没有分步建仓条件

2019-06-27 14:14:23,749 - INFO - str_id:100000000000055, 没有达到条件则跳过，,message:没有分步建仓条件

2019-06-27 14:14:23,750 - INFO - str_id:100000000000055, 没有达到条件则跳过，,message:没有分步建仓条件

2019-06-27 14:14:23,750 - INFO - str_id:100000000000055, 没有达到条件则跳过，,message:没有分步建仓条件

2019-06-27 14:14:23,750 - INFO - str_id:100000000000055, 没有达到条件则跳过，,message:没有分步建仓条件

2019-06-27 14:14:23,751 - INFO - str_id:100000000000055, 没有达到条件则跳过，,message:没有分步建仓条件

2019-06-27 14:14:23,751 - INFO - str_id:100000000000055, 没有达到条件则跳过，,message:没有分步建仓条件

2019-06-27 14:14:23,751 - INFO - str_id:100000000000055, 没有达到条件则跳过，,message:没有分步建仓条件

2019-06-27 14:14:23,752 - INFO - str_id:100000000000055, 没有达到条件则跳过，,message:没有分步建仓条件

2019-06-27 14:14:23,752 - INFO - str_id:100000000000055, 没有达到条件则跳过，,message:没有分步建仓条件

2019-06-27 14:14:23,752 - INFO - str_id:100000000000055, 没有达到条件则跳过，,message:没有分步建仓条件

2019-06-27 14:14:23,753 - INFO - str_id:100000000000055, 没有达到条件则跳过，,message:没有分步建仓条件

2019-06-27 14:14:23,753 - INFO - str_id:100000000000055, 没有达到条件则跳过，,message:没有分步建仓条件

2019-06-27 14:14:23,753 - INFO - str_id:100000000000055, 没有达到条件则跳过，,message:没有分步建仓条件

2019-06-27 14:14:23,754 - INFO - str_id:100000000000055, 没有达到条件则跳过，,message:没有分步建仓条件

2019-06-27 14:14:23,754 - INFO - str_id:100000000000055, 没有达到条件则跳过，,message:没有分步建仓条件

2019-06-27 14:14:23,754 - INFO - str_id:100000000000055, 没有达到条件则跳过，,message:没有分步建仓条件

2019-06-27 14:14:23,755 - INFO - str_id:100000000000055, 没有达到条件则跳过，,message:没有分步建仓条件

2019-06-27 14:14:23,755 - INFO - str_id:100000000000055, 没有达到条件则跳过，,message:没有分步建仓条件

2019-06-27 14:14:23,755 - INFO - str_id:100000000000055, 没有达到条件则跳过，,message:没有分步建仓条件

2019-06-27 14:14:23,755 - INFO - str_id:100000000000055, 没有达到条件则跳过，,message:没有分步建仓条件

2019-06-27 14:14:23,756 - INFO - str_id:100000000000055, 没有达到条件则跳过，,message:没有分步建仓条件

2019-06-27 14:14:23,756 - INFO - str_id:100000000000055, 没有达到条件则跳过，,message:没有分步建仓条件

2019-06-27 14:14:23,756 - INFO - str_id:100000000000055, 没有达到条件则跳过，,message:没有分步建仓条件

2019-06-27 14:14:23,757 - INFO - str_id:100000000000055, 没有达到条件则跳过，,message:没有分步建仓条件

2019-06-27 14:14:23,757 - INFO - str_id:100000000000055, 没有达到条件则跳过，,message:没有分步建仓条件

2019-06-27 14:14:23,757 - INFO - str_id:100000000000055, 没有达到条件则跳过，,message:没有分步建仓条件

2019-06-27 14:14:23,758 - INFO - str_id:100000000000055, 没有达到条件则跳过，,message:没有分步建仓条件

2019-06-27 14:14:23,758 - INFO - str_id:100000000000055, 没有达到条件则跳过，,message:没有分步建仓条件

2019-06-27 14:14:23,758 - INFO - str_id:100000000000055, 没有达到条件则跳过，,message:没有分步建仓条件

2019-06-27 14:14:23,759 - INFO - str_id:100000000000055, 没有达到条件则跳过，,message:没有分步建仓条件

2019-06-27 14:14:23,759 - INFO - str_id:100000000000055, 没有达到条件则跳过，,message:没有分步建仓条件

2019-06-27 14:14:23,759 - INFO - str_id:100000000000055, 没有达到条件则跳过，,message:没有分步建仓条件

2019-06-27 14:14:23,760 - INFO - str_id:100000000000055, 没有达到条件则跳过，,message:没有分步建仓条件

2019-06-27 14:14:23,760 - INFO - str_id:100000000000055, 没有达到条件则跳过，,message:没有分步建仓条件

2019-06-27 14:14:23,760 - INFO - str_id:100000000000055, 没有达到条件则跳过，,message:没有分步建仓条件

2019-06-27 14:14:23,761 - INFO - str_id:100000000000055, 没有达到条件则跳过，,message:没有分步建仓条件

2019-06-27 14:14:23,761 - INFO - str_id:100000000000055, 没有达到条件则跳过，,message:没有分步建仓条件

2019-06-27 14:14:23,761 - INFO - str_id:100000000000055, 没有达到条件则跳过，,message:没有分步建仓条件

2019-06-27 14:14:23,761 - INFO - str_id:100000000000055, 没有达到条件则跳过，,message:没有分步建仓条件

2019-06-27 14:14:23,762 - INFO - str_id:100000000000055, 没有达到条件则跳过，,message:没有分步建仓条件

2019-06-27 14:14:23,762 - INFO - str_id:100000000000055, 没有达到条件则跳过，,message:没有分步建仓条件

2019-06-27 14:14:23,762 - INFO - str_id:100000000000055, 没有达到条件则跳过，,message:没有分步建仓条件

2019-06-27 14:14:23,763 - INFO - str_id:100000000000055, end step-------------------------------------------------------------------------------------------------

2019-06-27 14:14:23,763 - INFO - str_id:100000000000055, select stock
2019-06-27 14:14:23,763 - INFO - 0.458789
2019-06-27 14:14:24,832 - INFO - str_id:100000000000055, select stocks:[],names:[]
2019-06-27 14:14:24,832 - INFO - str_id:100000000000055, buy select--------------------------------------------------------------------------------
2019-06-27 14:14:24,833 - INFO - str_id:100000000000055, end buy select--------------------------------------------------------------------------------


2019-06-27 14:14:24,833 - INFO - str_id:100000000000055, statistics
2019-06-27 14:14:24,833 - INFO - str_id:{}, end
2019-06-27 14:14:24,833 - INFO - str_id:100000000000055, bar.size:1
2019-06-27 14:14:24,911 - INFO - str_id:{}, run after
2019-06-27 14:14:24,933 - INFO - str_id:100000000000055, 运行后的position:      inst  name  current_price  cost_price  quantity  quantity_sell  \
0   600076  康欣新材       4.580000    4.530000     64600          64600   
1   600091  ST明科       3.860000    3.840000     76400          76400   
2   600128  弘业股份       7.960000    8.220000     35600          35600   
3   600136  当代明诚      11.010000   11.150000     26000          26000   
4   600141  兴发集团      10.350000   10.520000     28000          28000   
5   600155  华创阳安      14.770000   15.320000     19000          19000   
6   600177   雅戈尔       6.340000    6.380000     45800          45800   
7   600182   S佳通      17.209999   17.650000     16300          16300   
8   600206  有研新材      11.740000   12.520000     23400          23400   
9   600262  北方股份      20.690001   20.170000     14500          14500   
10  600283  钱江水利      11.280000   11.530000     25400          25400   
11  600295  鄂尔多斯       8.500000    8.530000     34300          34300   
12  600340  华夏幸福      32.700001   31.020000      9500           9500   
13  600383  金地集团      11.910000   12.160000     24000          24000   
14  600395  盘江股份       5.990000    5.960000     49100          49100   
15  600400  红豆股份       3.710000    3.800000     77000          77000   
16  600486  扬农化工      54.500000   53.910000      5400           5400   
17  600499  科达洁能       4.450000    4.510000     65000          65000   
18  600527  江南高纤       2.240000    2.280000    129000         129000   
19  600533  栖霞建设       3.660000    3.730000     78300          78300   
20  600558   大西洋       3.580000    3.670000     79700          79700   
21  600578  京能电力       3.240000    3.260000     89800          89800   
22  600635  大众公用       6.830000    7.100000     41400          41400   
23  600702  舍得酒业      27.100000   26.020000     11200          11200   
24  600746  江苏索普       7.060000    6.390000     46100          46100   
25  600756  浪潮软件      24.410000   26.010000     11500          11500   
26  600809  山西汾酒      68.010002   61.880001      4700           4700   
27  600812  华北制药       4.440000    4.550000     64300          64300   
28  600821   津劝业       4.200000    4.200000     69500          69500   
29  600850  华东电脑      21.969999   22.709999     13200          13200   
30  600883  博闻科技       7.010000    6.980000     42000          42000   
31  600894  广日股份       7.800000    7.710000     37900          37900   
32  601003  柳钢股份       5.890000    5.990000     50200          50200   
33  601688  华泰证券      22.230000   22.940001     12500          12500   
34  601801  皖新传媒       6.060000    6.250000     47000          47000   
35  601899  紫金矿业       3.750000    3.820000     78500          78500   
36  603008   喜临门      10.940000   10.930000     26700          26700   
37  603030  全筑股份       6.380000    6.450000     45100          45100   
38  603337  杰克股份      20.250000   20.930000     14000          14000   
39  603369   今世缘      27.799999   27.010000     10900          10900   
40  603527  众源新材      11.270000   11.510000     25500          25500   
41  603557  起步股份       8.640000    8.410000     34600          34600   
42  603858  步长制药      25.900000   26.250000     11100          11100   
43  603882  金域医学      34.250000   31.830000      9100           9100   
44  603888   新华网      20.360001   20.950001     13900          13900   
45  603958  哈森股份       8.170000    8.290000     35300          35300   

    profit_count  profit  market_value    cost_value  status   percent  \
0    3150.989990  0.0108      295868.0  292717.00000   10101  0.010121   
1    1448.790039  0.0049      294904.0  293455.21875   10101  0.010088   
2   -9335.009766 -0.0319      283376.0  292711.00000   10101  0.009694   
3   -3718.280029 -0.0128      286260.0  289978.28125   10101  0.009792   
4   -4839.529785 -0.0164      289800.0  294639.53125   10101  0.009914   
5  -10528.589844 -0.0362      280630.0  291158.59375   10101  0.009600   
6   -1910.890015 -0.0065      290372.0  292282.87500   10101  0.009933   
7   -7249.669922 -0.0252      280523.0  287772.65625   10101  0.009596   
8  -18331.099609 -0.0626      274716.0  293047.09375   10101  0.009398   
9    7606.069824  0.0260      300005.0  292398.93750   10101  0.010263   
10  -6429.080078 -0.0219      286512.0  292941.09375   10101  0.009801   
11  -1107.989990 -0.0038      291550.0  292658.00000   10101  0.009973   
12  15975.459961  0.0542      310650.0  294674.53125   10101  0.010627   
13  -6078.799805 -0.0208      285840.0  291918.81250   10101  0.009778   
14   1393.989990  0.0048      294109.0  292715.00000   10101  0.010061   
15  -7009.000000 -0.0239      285670.0  292679.00000   10101  0.009772   
16   3161.409912  0.0109      294300.0  291138.59375   10101  0.010067   
17  -3979.149902 -0.0136      289250.0  293229.15625   10101  0.009895   
18  -5239.410156 -0.0178      288960.0  294199.40625   10101  0.009885   
19  -5559.850098 -0.0190      286578.0  292137.84375   10101  0.009803   
20  -7251.970215 -0.0248      285326.0  292577.96875   10101  0.009760   
21  -1875.040039 -0.0064      290952.0  292827.03125   10101  0.009953   
22 -11257.370117 -0.0383      282762.0  294019.37500   10101  0.009673   
23  12129.339844  0.0416      303520.0  291390.65625   10101  0.010383   
24  30807.470703  0.1046      325466.0  294658.53125   10101  0.011134   
25 -18365.730469 -0.0614      280715.0  299080.71875   10101  0.009603   
26  28826.500000  0.0991      319647.0  290820.50000   10101  0.010935   
27  -7151.990234 -0.0244      285492.0  292644.00000   10101  0.009766   
28    -78.820000 -0.0003      291900.0  291978.81250   10101  0.009985   
29  -9716.900391 -0.0324      290004.0  299720.90625   10101  0.009920   
30   1180.849976  0.0040      294420.0  293239.15625   10101  0.010072   
31   3332.110107  0.0114      295620.0  292287.87500   10101  0.010113   
32  -5101.180176 -0.0170      295678.0  300779.18750   10101  0.010115   
33  -8827.389648 -0.0308      277875.0  286702.37500   10101  0.009506   
34  -9009.320312 -0.0307      284820.0  293829.31250   10101  0.009743   
35  -5575.970215 -0.0186      294375.0  299950.96875   10101  0.010070   
36    188.199997  0.0006      292098.0  291909.81250   10101  0.009992   
37  -3235.540039 -0.0111      287738.0  290973.53125   10101  0.009843   
38  -9459.080078 -0.0323      283500.0  292959.09375   10101  0.009698   
39   8640.530273  0.0294      303020.0  294379.46875   10101  0.010366   
40  -6199.250000 -0.0211      287385.0  293584.25000   10101  0.009831   
41   7879.430176  0.0271      298944.0  291064.56250   10101  0.010226   
42  -3852.649902 -0.0132      287490.0  291342.65625   10101  0.009834   
43  22034.820312  0.0761      311675.0  289640.18750   10101  0.010662   
44  -8140.589844 -0.0280      283004.0  291144.59375   10101  0.009681   
45  -4315.009766 -0.0147      288401.0  292716.00000   10101  0.009866   

    hold_days  
0         2.0  
1         2.0  
2         2.0  
3         2.0  
4         2.0  
5         2.0  
6         2.0  
7         2.0  
8         2.0  
9         2.0  
10        2.0  
11        2.0  
12        2.0  
13        2.0  
14        2.0  
15        2.0  
16        2.0  
17        2.0  
18        2.0  
19        2.0  
20        2.0  
21        2.0  
22        2.0  
23        2.0  
24        2.0  
25        2.0  
26        2.0  
27        2.0  
28        2.0  
29        2.0  
30        2.0  
31        2.0  
32        2.0  
33        2.0  
34        2.0  
35        2.0  
36        2.0  
37        2.0  
38        2.0  
39        2.0  
40        2.0  
41        2.0  
42        2.0  
43        2.0  
44        2.0  
45        2.0  
2019-06-27 14:14:24,934 - INFO - str_id:100000000000055, 运行后的cash:15821138.13
2019-06-27 14:14:24,934 - INFO - str_id:100000000000055, 运行后的持仓比例:0.458789
2019-06-27 14:14:24,934 - INFO - str_id:100000000000055, 模拟所花时间:3 s-------------------------------------------------------------------------------


